wallet/build/outputs/logs/manifest-merger-debug-report.txt
-- Merging decision tree log ---
manifest
ADDED from AndroidManifest.xml:2:1
	xmlns:tools
		ADDED from AndroidManifest.xml:3:2
	xmlns:android
		ADDED from AndroidManifest.xml:2:11
	package
		ADDED from AndroidManifest.xml:4:2
		INJECTED from AndroidManifest.xml:0:0
		INJECTED from AndroidManifest.xml:0:0
	android:versionName
		ADDED from AndroidManifest.xml:7:2
	android:versionCode
		ADDED from AndroidManifest.xml:6:2
		INJECTED from AndroidManifest.xml:0:0
		INJECTED from AndroidManifest.xml:0:0
	android:installLocation
		ADDED from AndroidManifest.xml:5:2
uses-sdk
ADDED from AndroidManifest.xml:9:2
MERGED from com.actionbarsherlock:actionbarsherlock:4.4.0:3:3
MERGED from com.android.support:support-v4:22.2.0:20:5
	android:targetSdkVersion
		ADDED from AndroidManifest.xml:11:3
		INJECTED from AndroidManifest.xml:0:0
		INJECTED from AndroidManifest.xml:0:0
	android:minSdkVersion
		ADDED from AndroidManifest.xml:10:3
		INJECTED from AndroidManifest.xml:0:0
		INJECTED from AndroidManifest.xml:0:0
	tools:ignore
		ADDED from AndroidManifest.xml:12:3
uses-permission#android.permission.INTERNET
ADDED from AndroidManifest.xml:14:2
	android:name
		ADDED from AndroidManifest.xml:14:19
uses-permission#android.permission.WRITE_EXTERNAL_STORAGE
ADDED from AndroidManifest.xml:15:2
	android:name
		ADDED from AndroidManifest.xml:15:19
uses-permission#android.permission.READ_EXTERNAL_STORAGE
ADDED from AndroidManifest.xml:16:2
	android:name
		ADDED from AndroidManifest.xml:16:19
uses-permission#android.permission.NFC
ADDED from AndroidManifest.xml:17:2
	android:name
		ADDED from AndroidManifest.xml:17:19
uses-permission#android.permission.CAMERA
ADDED from AndroidManifest.xml:18:2
	android:name
		ADDED from AndroidManifest.xml:18:19
uses-permission#android.permission.VIBRATE
ADDED from AndroidManifest.xml:19:2
	android:name
		ADDED from AndroidManifest.xml:19:19
uses-permission#android.permission.WAKE_LOCK
ADDED from AndroidManifest.xml:20:2
	android:name
		ADDED from AndroidManifest.xml:20:19
uses-permission#android.permission.BROADCAST_STICKY
ADDED from AndroidManifest.xml:21:2
	android:name
		ADDED from AndroidManifest.xml:21:19
uses-permission#android.permission.RECEIVE_BOOT_COMPLETED
ADDED from AndroidManifest.xml:22:2
	android:name
		ADDED from AndroidManifest.xml:22:19
uses-permission#android.permission.BLUETOOTH
ADDED from AndroidManifest.xml:23:2
	android:name
		ADDED from AndroidManifest.xml:23:19
uses-feature#android.hardware.touchscreen
ADDED from AndroidManifest.xml:25:2
	android:required
		ADDED from AndroidManifest.xml:27:3
	android:name
		ADDED from AndroidManifest.xml:26:3
uses-feature#android.hardware.nfc
ADDED from AndroidManifest.xml:28:2
	android:required
		ADDED from AndroidManifest.xml:30:3
	android:name
		ADDED from AndroidManifest.xml:29:3
uses-feature#android.hardware.camera
ADDED from AndroidManifest.xml:31:2
	android:required
		ADDED from AndroidManifest.xml:33:3
	android:name
		ADDED from AndroidManifest.xml:32:3
uses-feature#android.hardware.camera.front
ADDED from AndroidManifest.xml:34:2
	android:required
		ADDED from AndroidManifest.xml:36:3
	android:name
		ADDED from AndroidManifest.xml:35:3
uses-feature#android.hardware.camera.autofocus
ADDED from AndroidManifest.xml:37:2
	android:required
		ADDED from AndroidManifest.xml:39:3
	android:name
		ADDED from AndroidManifest.xml:38:3
uses-feature#android.hardware.camera.flash
ADDED from AndroidManifest.xml:40:2
	android:required
		ADDED from AndroidManifest.xml:42:3
	android:name
		ADDED from AndroidManifest.xml:41:3
uses-feature#android.hardware.screen.landscape
ADDED from AndroidManifest.xml:43:2
	android:required
		ADDED from AndroidManifest.xml:45:3
	android:name
		ADDED from AndroidManifest.xml:44:3
uses-feature#android.hardware.bluetooth
ADDED from AndroidManifest.xml:46:2
	android:required
		ADDED from AndroidManifest.xml:48:3
	android:name
		ADDED from AndroidManifest.xml:47:3
supports-screens
ADDED from AndroidManifest.xml:50:2
	android:largeScreens
		ADDED from AndroidManifest.xml:52:3
	android:anyDensity
		ADDED from AndroidManifest.xml:51:3
	android:normalScreens
		ADDED from AndroidManifest.xml:53:3
	android:xlargeScreens
		ADDED from AndroidManifest.xml:55:3
	android:smallScreens
		ADDED from AndroidManifest.xml:54:3
application
ADDED from AndroidManifest.xml:57:2
MERGED from com.actionbarsherlock:actionbarsherlock:4.4.0:4:3
MERGED from com.android.support:support-v4:22.2.0:22:5
	android:label
		ADDED from AndroidManifest.xml:63:3
	android:debuggable
		ADDED from AndroidManifest.xml:60:17
	android:allowBackup
		ADDED from AndroidManifest.xml:59:3
	android:icon
		ADDED from AndroidManifest.xml:62:3
	android:theme
		ADDED from AndroidManifest.xml:64:3
	android:hardwareAccelerated
		ADDED from AndroidManifest.xml:61:3
	android:name
		ADDED from AndroidManifest.xml:58:3
activity#com.tribesman.kobocoin.wallet.ui.WalletActivity
ADDED from AndroidManifest.xml:65:3
	android:configChanges
		ADDED from AndroidManifest.xml:67:4
	android:name
		ADDED from AndroidManifest.xml:66:4
	android:launchMode
		ADDED from AndroidManifest.xml:68:4
activity-alias#com.tribesman.kobocoin_android_wallet.WalletActivity
ADDED from AndroidManifest.xml:70:3
	android:targetActivity
		ADDED from AndroidManifest.xml:72:4
	android:name
		ADDED from AndroidManifest.xml:71:4
intent-filter#android.intent.action.MAIN+android.intent.category.LAUNCHER
ADDED from AndroidManifest.xml:73:4
action#android.intent.action.MAIN
ADDED from AndroidManifest.xml:74:5
	android:name
		ADDED from AndroidManifest.xml:74:13
category#android.intent.category.LAUNCHER
ADDED from AndroidManifest.xml:76:5
	android:name
		ADDED from AndroidManifest.xml:76:15
intent-filter#android.intent.category.DEFAULT+android.nfc.action.NDEF_DISCOVERED
ADDED from AndroidManifest.xml:78:4
action#android.nfc.action.NDEF_DISCOVERED
ADDED from AndroidManifest.xml:79:5
	android:name
		ADDED from AndroidManifest.xml:79:13
data
ADDED from AndroidManifest.xml:81:5
	android:mimeType
		ADDED from AndroidManifest.xml:81:11
category#android.intent.category.DEFAULT
ADDED from AndroidManifest.xml:83:5
	android:name
		ADDED from AndroidManifest.xml:83:15
activity#com.tribesman.kobocoin.wallet.ui.SendCoinsActivity
ADDED from AndroidManifest.xml:87:3
	android:windowSoftInputMode
		ADDED from AndroidManifest.xml:92:4
	android:screenOrientation
		ADDED from AndroidManifest.xml:91:4
	android:label
		ADDED from AndroidManifest.xml:90:4
	android:configChanges
		ADDED from AndroidManifest.xml:89:4
	android:name
		ADDED from AndroidManifest.xml:88:4
intent-filter#android.intent.action.VIEW+android.intent.category.BROWSABLE+android.intent.category.DEFAULT
ADDED from AndroidManifest.xml:93:4
	android:label
		ADDED from AndroidManifest.xml:93:19
action#android.intent.action.VIEW
ADDED from AndroidManifest.xml:94:5
	android:name
		ADDED from AndroidManifest.xml:94:13
category#android.intent.category.BROWSABLE
ADDED from AndroidManifest.xml:99:5
	android:name
		ADDED from AndroidManifest.xml:99:15
intent-filter#android.intent.action.VIEW+android.intent.category.DEFAULT
ADDED from AndroidManifest.xml:108:4
	android:label
		ADDED from AndroidManifest.xml:108:19
activity#com.tribesman.kobocoin.wallet.ui.SendCoinsQrActivity
ADDED from AndroidManifest.xml:123:3
	android:configChanges
		ADDED from AndroidManifest.xml:125:4
	android:theme
		ADDED from AndroidManifest.xml:126:4
	android:name
		ADDED from AndroidManifest.xml:124:4
activity#com.tribesman.kobocoin.wallet.ui.RequestCoinsActivity
ADDED from AndroidManifest.xml:128:3
	android:windowSoftInputMode
		ADDED from AndroidManifest.xml:133:4
	android:screenOrientation
		ADDED from AndroidManifest.xml:132:4
	android:label
		ADDED from AndroidManifest.xml:131:4
	android:configChanges
		ADDED from AndroidManifest.xml:130:4
	android:name
		ADDED from AndroidManifest.xml:129:4
activity#com.tribesman.kobocoin.wallet.ui.AddressBookActivity
ADDED from AndroidManifest.xml:134:3
	android:screenOrientation
		ADDED from AndroidManifest.xml:138:4
	android:label
		ADDED from AndroidManifest.xml:137:4
	android:configChanges
		ADDED from AndroidManifest.xml:136:4
	android:name
		ADDED from AndroidManifest.xml:135:4
activity#com.tribesman.kobocoin.wallet.ui.ExchangeRatesActivity
ADDED from AndroidManifest.xml:139:3
	android:screenOrientation
		ADDED from AndroidManifest.xml:143:4
	android:label
		ADDED from AndroidManifest.xml:142:4
	android:configChanges
		ADDED from AndroidManifest.xml:141:4
	android:name
		ADDED from AndroidManifest.xml:140:4
activity#com.tribesman.kobocoin.wallet.ui.NetworkMonitorActivity
ADDED from AndroidManifest.xml:144:3
	android:screenOrientation
		ADDED from AndroidManifest.xml:148:4
	android:label
		ADDED from AndroidManifest.xml:147:4
	android:configChanges
		ADDED from AndroidManifest.xml:146:4
	android:name
		ADDED from AndroidManifest.xml:145:4
activity#com.tribesman.kobocoin.wallet.ui.PreferencesActivity
ADDED from AndroidManifest.xml:149:3
	android:screenOrientation
		ADDED from AndroidManifest.xml:152:4
	android:label
		ADDED from AndroidManifest.xml:151:4
	android:name
		ADDED from AndroidManifest.xml:150:4
activity#com.tribesman.kobocoin.wallet.ui.AboutActivity
ADDED from AndroidManifest.xml:153:3
	android:screenOrientation
		ADDED from AndroidManifest.xml:156:4
	android:label
		ADDED from AndroidManifest.xml:155:4
	android:name
		ADDED from AndroidManifest.xml:154:4
activity#com.tribesman.kobocoin.wallet.ui.ImportKeysActivity
ADDED from AndroidManifest.xml:157:3
	android:configChanges
		ADDED from AndroidManifest.xml:159:4
	android:theme
		ADDED from AndroidManifest.xml:160:4
	android:name
		ADDED from AndroidManifest.xml:158:4
activity#com.tribesman.kobocoin.wallet.ui.ScanActivity
ADDED from AndroidManifest.xml:170:3
	android:windowSoftInputMode
		ADDED from AndroidManifest.xml:176:4
	android:screenOrientation
		ADDED from AndroidManifest.xml:173:4
	android:configChanges
		ADDED from AndroidManifest.xml:172:4
	android:theme
		ADDED from AndroidManifest.xml:175:4
	android:stateNotNeeded
		ADDED from AndroidManifest.xml:174:4
	android:name
		ADDED from AndroidManifest.xml:171:4
provider#com.tribesman.kobocoin.wallet.AddressBookProvider
ADDED from AndroidManifest.xml:178:3
	android:exported
		ADDED from AndroidManifest.xml:181:4
	android:authorities
		ADDED from AndroidManifest.xml:180:4
	android:name
		ADDED from AndroidManifest.xml:179:4
provider#com.tribesman.kobocoin.wallet.ExchangeRatesProvider
ADDED from AndroidManifest.xml:182:3
	android:exported
		ADDED from AndroidManifest.xml:185:4
	android:authorities
		ADDED from AndroidManifest.xml:184:4
	android:name
		ADDED from AndroidManifest.xml:183:4
receiver#com.tribesman.kobocoin.wallet.WalletBalanceWidgetProvider
ADDED from AndroidManifest.xml:187:3
	android:label
		ADDED from AndroidManifest.xml:189:4
	android:name
		ADDED from AndroidManifest.xml:188:4
intent-filter#android.appwidget.action.APPWIDGET_UPDATE
ADDED from AndroidManifest.xml:190:4
action#android.appwidget.action.APPWIDGET_UPDATE
ADDED from AndroidManifest.xml:191:5
	android:name
		ADDED from AndroidManifest.xml:191:13
meta-data#android.appwidget.provider
ADDED from AndroidManifest.xml:194:4
	android:resource
		ADDED from AndroidManifest.xml:196:5
	android:name
		ADDED from AndroidManifest.xml:195:5
service#com.tribesman.kobocoin.wallet.service.BlockchainServiceImpl
ADDED from AndroidManifest.xml:199:3
	android:exported
		ADDED from AndroidManifest.xml:201:4
	android:name
		ADDED from AndroidManifest.xml:200:4
service#com.tribesman.kobocoin.wallet.offline.AcceptBluetoothService
ADDED from AndroidManifest.xml:202:3
	android:exported
		ADDED from AndroidManifest.xml:204:4
	android:name
		ADDED from AndroidManifest.xml:203:4
receiver#com.tribesman.kobocoin.wallet.service.AutosyncReceiver
ADDED from AndroidManifest.xml:206:3
	android:name
		ADDED from AndroidManifest.xml:206:13
intent-filter#android.intent.action.BOOT_COMPLETED
ADDED from AndroidManifest.xml:207:4
action#android.intent.action.BOOT_COMPLETED
ADDED from AndroidManifest.xml:208:5
	android:name
		ADDED from AndroidManifest.xml:208:13
intent-filter#android.intent.action.PACKAGE_REPLACED
ADDED from AndroidManifest.xml:210:4
action#android.intent.action.PACKAGE_REPLACED
ADDED from AndroidManifest.xml:211:5
	android:name
		ADDED from AndroidManifest.xml:211:13